Arguments: 
  /usr/local/Cellar/node/15.9.0/bin/node /usr/local/Cellar/yarn/1.22.10/libexec/bin/yarn.js init

PATH: 
  /usr/local/opt/php@7.3/sbin:/usr/local/opt/php@7.3/bin:/usr/local/opt/openjdk/bin:/Library/Frameworks/Python.framework/Versions/3.7/bin:/usr/local/mysql/bin:/usr/local/bin:/usr/bin:/bin:/usr/sbin:/sbin:/usr/local/mysql/bin:/usr/local/mysql/support-files:/Library/Apple/usr/bin:/opt/apache-maven/bin:/Users/filipeabner/Library/Python/3.7/bin:/Users/filipeabner/.composer/vendor/bin:/Users/filipeabner/flutter/bin:/Users/filipeabner/Flutter/bin:/Users/filipeabner/.pub-cache/bin

Yarn version: 
  1.22.10

Node version: 
  15.9.0

Platform: 
  darwin x64

Trace: 
  Error: canceled
      at Interface.<anonymous> (/usr/local/Cellar/yarn/1.22.10/libexec/lib/cli.js:137009:13)
      at Interface.emit (node:events:378:20)
      at Interface._ttyWrite (node:readline:973:16)
      at ReadStream.onkeypress (node:readline:259:10)
      at ReadStream.emit (node:events:378:20)
      at emitKeys (node:internal/readline/utils:358:14)
      at emitKeys.next (<anonymous>)
      at ReadStream.onData (node:readline:1242:36)
      at ReadStream.emit (node:events:378:20)
      at addChunk (node:internal/streams/readable:313:12)

npm manifest: 
  No manifest

yarn manifest: 
  No manifest

Lockfile: 
  No lockfile
